<?xml version="1.0" encoding="UTF-8"?>
<!-- Generated by org.testng.reporters.JUnitReportReporter -->
<testsuite skipped="4" hostname="DESKTOP-UM554UI" name="com.neosoft.testingPractise.tests.Tests" tests="6" failures="0" timestamp="06 Sep 2019 10:49:31 GMT" time="0.124" errors="0">
  <testcase name="testVerifyAllKeysAndValuesFromObject" time="0.122" classname="com.neosoft.testingPractise.tests.Tests"/>
  <testcase name="asd" time="0.002" classname="com.neosoft.testingPractise.tests.Tests"/>
  <testcase name="testAllKeysInObjects" classname="com.neosoft.testingPractise.tests.Tests">
    <skipped/>
  </testcase> <!-- testAllKeysInObjects -->
  <testcase name="testReadAndAccessJsonViaJsonPath" classname="com.neosoft.testingPractise.tests.Tests">
    <skipped/>
  </testcase> <!-- testReadAndAccessJsonViaJsonPath -->
  <testcase name="testReadAndAccessJsonObjectsFromFile" classname="com.neosoft.testingPractise.tests.Tests">
    <skipped/>
  </testcase> <!-- testReadAndAccessJsonObjectsFromFile -->
  <testcase name="testUserApi" classname="com.neosoft.testingPractise.tests.Tests">
    <skipped/>
  </testcase> <!-- testUserApi -->
</testsuite> <!-- com.neosoft.testingPractise.tests.Tests -->
